<?xml version="1.0" encoding="UTF-8"?>
<!-- Generated by org.testng.reporters.JUnitReportReporter -->
<testsuite hostname="DESKTOP-NQ1RHUK" failures="0" tests="2" name="com.yiibai.NewTest" time="0.011" errors="0" timestamp="08 1æœˆ 2019 02:35:20 GMT" skipped="0">
  <testcase classname="com.yiibai.NewTest" name="f" time="0.009"/>
  <testcase classname="com.yiibai.NewTest" name="returnvalue1" time="0.002"/>
</testsuite> <!-- com.yiibai.NewTest -->
